\BOOKMARK [1][-]{section.0.1}{\376\377\000I\000n\000t\000r\000o\000d\000u\000c\000t\000i\000o\000n}{}% 1
\BOOKMARK [2][-]{subsection.0.1.1}{\376\377\000P\000r\000o\000b\000l\000e\000m\000\040\000B\000a\000c\000k\000g\000r\000o\000u\000n\000d}{section.0.1}% 2
\BOOKMARK [2][-]{subsection.0.1.2}{\376\377\000R\000e\000s\000t\000a\000t\000e\000m\000e\000n\000t\000\040\000o\000f\000\040\000t\000h\000e\000\040\000P\000r\000o\000b\000l\000e\000m}{section.0.1}% 3
\BOOKMARK [2][-]{subsection.0.1.3}{\376\377\000D\000a\000t\000a\000\040\000C\000l\000e\000a\000n\000i\000n\000g}{section.0.1}% 4
\BOOKMARK [2][-]{subsection.0.1.4}{\376\377\000O\000u\000r\000\040\000w\000o\000r\000k}{section.0.1}% 5
\BOOKMARK [1][-]{section.0.2}{\376\377\000P\000r\000e\000p\000a\000r\000a\000t\000i\000o\000n\000\040\000o\000f\000\040\000t\000h\000e\000\040\000M\000o\000d\000e\000l\000s}{}% 6
\BOOKMARK [2][-]{subsection.0.2.1}{\376\377\000A\000s\000s\000u\000m\000p\000t\000i\000o\000n\000s}{section.0.2}% 7
\BOOKMARK [2][-]{subsection.0.2.2}{\376\377\000N\000o\000t\000a\000t\000i\000o\000n\000s}{section.0.2}% 8
\BOOKMARK [1][-]{section.0.3}{\376\377\000M\000o\000d\000e\000l\000\040\0001\000:\000M\000o\000m\000e\000n\000t\000u\000m\000\040\000Q\000u\000a\000n\000t\000i\000f\000i\000c\000a\000t\000i\000o\000n\000\040\000a\000n\000d\000\040\000A\000R\000I\000M\000A\000\040\000I\000n\000t\000e\000g\000r\000a\000t\000i\000o\000n}{}% 9
\BOOKMARK [2][-]{subsection.0.3.1}{\376\377\000C\000o\000n\000s\000t\000r\000u\000c\000t\000i\000o\000n\000\040\000o\000f\000\040\000M\000o\000m\000e\000n\000t\000u\000m\000\040\000E\000v\000a\000l\000u\000a\000t\000i\000o\000n\000\040\000F\000o\000r\000m\000u\000l\000a}{section.0.3}% 10
\BOOKMARK [2][-]{subsection.0.3.2}{\376\377\000T\000e\000s\000t\000i\000n\000g\000\040\000o\000f\000\040\000t\000h\000e\000\040\000M\000o\000m\000e\000n\000t\000u\000m\000\040\000E\000v\000a\000l\000u\000a\000t\000i\000o\000n\000\040\000F\000o\000r\000m\000u\000l\000a}{section.0.3}% 11
\BOOKMARK [2][-]{subsection.0.3.3}{\376\377\000P\000r\000e\000d\000i\000c\000t\000i\000n\000g\000\040\000P\000l\000a\000y\000e\000r\000\040\000P\000e\000r\000f\000o\000r\000m\000a\000n\000c\000e\000\040\000w\000i\000t\000h\000\040\000A\000R\000I\000M\000A\000\040\000a\000n\000d\000\040\000M}{section.0.3}% 12
\BOOKMARK [3][-]{subsubsection.0.3.3.1}{\376\377\000E\000x\000p\000l\000a\000n\000a\000t\000i\000o\000n\000\040\000o\000f\000\040\000t\000h\000e\000\040\000A\000R\000I\000M\000A\000\040\000M\000o\000d\000e\000l}{subsection.0.3.3}% 13
\BOOKMARK [3][-]{subsubsection.0.3.3.2}{\376\377\000F\000i\000t\000t\000i\000n\000g\000\040\000w\000i\000t\000h\000\040\000t\000h\000e\000\040\000A\000R\000I\000M\000A\000\040\000M\000o\000d\000e\000l}{subsection.0.3.3}% 14
\BOOKMARK [3][-]{subsubsection.0.3.3.3}{\376\377\000T\000h\000e\000\040\000f\000o\000r\000e\000c\000a\000s\000t\000\040\000r\000e\000s\000u\000l\000t\000s\000\040\000u\000s\000i\000n\000g\000\040\000t\000h\000e\000\040\000A\000R\000I\000M\000A\000\040\000m\000o\000d\000e\000l}{subsection.0.3.3}% 15
\BOOKMARK [2][-]{subsection.0.3.4}{\376\377\000T\000h\000e\000\040\000i\000m\000p\000a\000c\000t\000\040\000o\000f\000\040\000m\000o\000m\000e\000n\000t\000u\000m\000\040\000o\000n\000\040\000t\000h\000e\000\040\000m\000a\000t\000c\000h\000\040\000r\000e\000s\000u\000l\000t\000s}{section.0.3}% 16
\BOOKMARK [3][-]{subsubsection.0.3.4.1}{\376\377\000L\000o\000g\000i\000s\000t\000i\000c\000\040\000R\000e\000g\000r\000e\000s\000s\000i\000o\000n\000[\0005\000]\000\040\000\040\000M\000o\000d\000e\000l\000\040\000E\000x\000p\000l\000a\000n\000a\000t\000i\000o\000n}{subsection.0.3.4}% 17
\BOOKMARK [3][-]{subsubsection.0.3.4.2}{\376\377\000U\000s\000i\000n\000g\000\040\000t\000h\000e\000\040\000L\000o\000g\000i\000s\000t\000i\000c\000\040\000R\000e\000g\000r\000e\000s\000s\000i\000o\000n\000\040\000m\000o\000d\000e\000l\000\040\000t\000o\000\040\000a\000n\000a\000l\000y\000z\000e\000\040\000t\000h\000e\000\040\000i\000m\000p\000a\000c\000t\000\040\000o\000f\000\040\000M\000\040}{subsection.0.3.4}% 18
\BOOKMARK [1][-]{section.0.4}{\376\377\000M\000o\000d\000e\000l\000\040\0002\000:\000A\000n\000a\000l\000y\000s\000i\000s\000\040\000a\000n\000d\000\040\000E\000v\000a\000l\000u\000a\000t\000i\000o\000n\000\040\000M\000o\000d\000e\000l\000\040\000B\000a\000s\000e\000d\000\040\000o\000n\000\040\000B\000a\000y\000e\000s\000i\000a\000n\000\040\000S\000p\000a\000t\000i\000o\000t\000e\000m\000p\000o\000r\000a\000l\000\040\000M\000o\000d\000e\000l}{}% 19
\BOOKMARK [2][-]{subsection.0.4.1}{\376\377\000C\000h\000a\000r\000a\000c\000t\000e\000r\000i\000z\000a\000t\000i\000o\000n\000\040\000o\000f\000\040\000t\000h\000e\000\040\000f\000l\000u\000c\000t\000u\000a\000t\000i\000o\000n\000\040\000p\000r\000o\000b\000a\000b\000i\000l\000i\000t\000y\000\040\000i\000n\000\040\000t\000e\000n\000n\000i\000s\000\040\000m\000a\000t\000c\000h\000e\000s}{section.0.4}% 20
\BOOKMARK [2][-]{subsection.0.4.2}{\376\377\000C\000o\000r\000r\000e\000l\000a\000t\000i\000n\000g\000\040\000f\000a\000c\000t\000o\000r\000s\000\040\000a\000f\000f\000e\000c\000t\000i\000n\000g\000\040\000m\000a\000t\000c\000h\000\040\000f\000l\000u\000c\000t\000u\000a\000t\000i\000o\000n\000s}{section.0.4}% 21
\BOOKMARK [2][-]{subsection.0.4.3}{\376\377\000D\000i\000s\000c\000u\000s\000s\000i\000o\000n\000\040\000o\000n\000\040\000M\000o\000d\000e\000l\000\040\000F\000i\000t\000\040\000A\000c\000c\000u\000r\000a\000c\000y}{section.0.4}% 22
\BOOKMARK [2][-]{subsection.0.4.4}{\376\377\000R\000e\000c\000o\000m\000m\000e\000n\000d\000a\000t\000i\000o\000n\000s\000\040\000B\000a\000s\000e\000d\000\040\000o\000n\000\040\000t\000h\000e\000\040\000I\000m\000p\000a\000c\000t\000\040\000o\000f\000\040\000V\000a\000r\000i\000o\000u\000s\000\040\000F\000a\000c\000t\000o\000r\000s\000\040\000o\000n\000\040\000M\000a\000t\000c\000h\000e\000s}{section.0.4}% 23
\BOOKMARK [1][-]{section.0.5}{\376\377\000M\000o\000d\000e\000l\000\040\0003\000:\000\040\000M\000o\000m\000e\000n\000t\000u\000m\000\040\000E\000v\000a\000l\000u\000a\000t\000i\000o\000n\000\040\000B\000a\000s\000e\000d\000\040\000o\000n\000\040\000C\000r\000o\000s\000s\000-\000V\000a\000l\000i\000d\000a\000t\000i\000o\000n\000\040\000M\000o\000d\000e\000l}{}% 24
\BOOKMARK [2][-]{subsection.0.5.1}{\376\377\000T\000e\000s\000t\000i\000n\000g\000\040\000t\000h\000e\000\040\000U\000n\000i\000v\000e\000r\000s\000a\000l\000i\000t\000y\000\040\000o\000f\000\040\000t\000h\000e\000\040\000M\000o\000d\000e\000l}{section.0.5}% 25
\BOOKMARK [2][-]{subsection.0.5.2}{\376\377\000E\000n\000h\000a\000n\000c\000i\000n\000g\000\040\000t\000h\000e\000\040\000M\000o\000d\000e\000l\000\040\000b\000y\000\040\000I\000n\000c\000o\000r\000p\000o\000r\000a\000t\000i\000n\000g\000\040\000R\000e\000l\000e\000v\000a\000n\000t\000\040\000F\000a\000c\000t\000o\000r\000s}{section.0.5}% 26
\BOOKMARK [1][-]{section.0.6}{\376\377\000P\000r\000o\000m\000o\000t\000i\000o\000n\000\040\000o\000f\000\040\000t\000h\000e\000\040\000M\000o\000d\000e\000l}{}% 27
\BOOKMARK [2][-]{subsection.0.6.1}{\376\377\000R\000a\000t\000i\000o\000n\000a\000l\000\040\000A\000n\000a\000l\000y\000s\000i\000s\000\040\000o\000f\000\040\000M\000o\000m\000e\000n\000t\000u\000m\000\040\000I\000n\000d\000i\000c\000a\000t\000o\000r\000\040\000M\000\040\000i\000n\000\040\000W\000o\000m\000e\000n\000'\000s\000\040\000M\000a\000t\000c\000h\000e\000s}{section.0.6}% 28
\BOOKMARK [2][-]{subsection.0.6.2}{\376\377\000A\000n\000a\000l\000y\000s\000i\000s\000\040\000o\000f\000\040\000t\000h\000e\000\040\000R\000a\000t\000i\000o\000n\000a\000l\000i\000t\000y\000\040\000o\000f\000\040\000M\000o\000m\000e\000n\000t\000u\000m\000\040\000I\000n\000d\000i\000c\000a\000t\000o\000r\000\040\000M\000\040\000i\000n\000\040\000D\000i\000f\000f\000e\000r\000e\000n\000t\000\040\000C\000o\000u\000r\000t\000\040\000C\000o\000n\000d\000i\000t\000i\000o\000n\000s}{section.0.6}% 29
\BOOKMARK [2][-]{subsection.0.6.3}{\376\377\000R\000a\000t\000i\000o\000n\000a\000l\000\040\000A\000n\000a\000l\000y\000s\000i\000s\000\040\000o\000f\000\040\000M\000o\000m\000e\000n\000t\000u\000m\000\040\000I\000n\000d\000i\000c\000a\000t\000o\000r\000\040\000M\000\040\000i\000n\000\040\000T\000a\000b\000l\000e\000\040\000T\000e\000n\000n\000i\000s\000\040\000M\000a\000t\000c\000h\000e\000s}{section.0.6}% 30
\BOOKMARK [1][-]{section.0.7}{\376\377\000S\000e\000n\000s\000i\000t\000i\000v\000i\000t\000y\000\040\000A\000n\000a\000l\000y\000s\000i\000s}{}% 31
\BOOKMARK [1][-]{section.0.8}{\376\377\000M\000o\000d\000e\000l\000\040\000E\000v\000a\000l\000u\000a\000t\000i\000o\000n}{}% 32
\BOOKMARK [2][-]{subsection.0.8.1}{\376\377\000A\000d\000v\000a\000n\000t\000a\000g\000e}{section.0.8}% 33
\BOOKMARK [2][-]{subsection.0.8.2}{\376\377\000D\000i\000s\000a\000v\000a\000n\000t\000a\000g\000e}{section.0.8}% 34
\BOOKMARK [1][-]{section.0.9}{\376\377\000M\000e\000m\000o\000r\000a\000n\000d\000u\000m}{}% 35
\BOOKMARK [1][-]{section.1.9}{\376\377\000R\000e\000f\000e\000r\000e\000n\000c\000e\000s}{}% 36
